2025-04-18 11:21:00,190 - INFO - Question: 1, Answer: C
2025-04-18 11:21:00,190 - INFO - Question: 2, Answer: C
2025-04-18 11:21:00,190 - INFO - Question: 3, Answer: D
2025-04-18 11:21:00,190 - INFO - Question: 4, Answer: A
2025-04-18 11:21:00,190 - INFO - Question: 5, Answer: B
2025-04-18 11:21:00,190 - INFO - Question: 6, Answer: C
2025-04-18 11:21:00,190 - INFO - Question: 7, Answer: B
2025-04-18 11:21:00,190 - INFO - Question: 8, Answer: A
2025-04-18 11:21:00,190 - INFO - Question: 9, Answer: A
2025-04-18 11:21:00,191 - INFO - Question: 10, Answer: A
2025-04-18 11:21:00,191 - INFO - Question: 1, Answer: C
2025-04-18 11:21:00,191 - INFO - Question: 2, Answer: C
2025-04-18 11:21:01,622 - WARNING -  * Debugger is active!
2025-04-18 11:21:01,630 - INFO -  * Debugger PIN: 123-665-614
2025-04-18 11:21:16,020 - INFO -  * Detected change in '/Users/qinjianwu/flask-backward/app/__init__.py', reloading
2025-04-18 11:21:22,879 - INFO - Question: 1, Answer: C
2025-04-18 11:21:22,879 - INFO - Question: 2, Answer: C
2025-04-18 11:21:22,879 - INFO - Question: 3, Answer: D
2025-04-18 11:21:22,879 - INFO - Question: 4, Answer: A
2025-04-18 11:21:22,879 - INFO - Question: 5, Answer: B
2025-04-18 11:21:22,879 - INFO - Question: 6, Answer: C
2025-04-18 11:21:22,879 - INFO - Question: 7, Answer: B
2025-04-18 11:21:22,879 - INFO - Question: 8, Answer: A
2025-04-18 11:21:22,879 - INFO - Question: 9, Answer: A
2025-04-18 11:21:22,879 - INFO - Question: 10, Answer: A
2025-04-18 11:21:22,880 - INFO - Question: 1, Answer: C
2025-04-18 11:21:22,880 - INFO - Question: 2, Answer: C
2025-04-18 11:21:24,369 - WARNING -  * Debugger is active!
2025-04-18 11:21:24,384 - INFO -  * Debugger PIN: 123-665-614
2025-04-18 11:22:13,777 - INFO -  * Detected change in '/Users/qinjianwu/flask-backward/app/main.py', reloading
